<?xml version="1.0" encoding="UTF-8"?>
<testsuite name="Scenario: Segundo escenario - Manejo de selenium" tests="8" skipped="0" failures="0" errors="0" timestamp="2022-06-04T01:31:43" hostname="PETZEGA" time="6.352">
  <properties/>
  <testcase name="Given los siguientes parametros de entrada" classname="Scenario: Segundo escenario - Manejo de selenium" time="0.0"/>
  <testcase name="Then debo insertar los registros en la base datos" classname="Scenario: Segundo escenario - Manejo de selenium" time="0.0"/>
  <testcase name="Given la siguiente url &quot;https://somosmakers.co/&quot;" classname="Scenario: Segundo escenario - Manejo de selenium" time="0.0"/>
  <testcase name="When hacemos clic en el enlace de &quot;CONTACTO&quot;" classname="Scenario: Segundo escenario - Manejo de selenium" time="0.0"/>
  <testcase name="Then capturar el numero de celular de servicio al cliente" classname="Scenario: Segundo escenario - Manejo de selenium" time="0.0"/>
  <testcase name="And llenar el formulario &quot;dejanos un mensaje&quot; y en el campo mensaje adjuntar el numero de celular capturado" classname="Scenario: Segundo escenario - Manejo de selenium" time="0.0"/>
  <testcase name="And antes de hacer clic en el boton &quot;enviar mensaje&quot; tomar un pantallazo con la informacion diligenciada" classname="Scenario: Segundo escenario - Manejo de selenium" time="0.0"/>
  <testcase name="classMethod" classname="Scenario: Segundo escenario - Manejo de selenium" time="16.534"/>
  <system-out><![CDATA[
  Scenario: : Primer escenario - Calculos y cruce informacion                                            # Makers.feature:15
    Given los parametros de entrada previos                                                              # MakersStepDefinition.losParametrosDeEntradaPrevios()
    Then calcular el valor total asi [nominal * precio]                                                  # MakersStepDefinition.calcularElValorTotalAsiNominalPrecio()
    But si el portafolio es "OBL-RIESGO" se debe calcular el valor total asi [(nominal * precio) + 2000] # MakersStepDefinition.siElPortafolioEsSeDebeCalcularElValorTotalAsiNominalPrecio(String,int)
    And validar que el valor total calculado sea igual al campo total de la base de datos                # MakersStepDefinition.validarQueElValorTotalCalculadoSeaIgualAlCampoTotalDeLaBaseDeDatos()
]]></system-out>
  <system-err><![CDATA[]]></system-err>
</testsuite>
