<?xml version="1.0" encoding="UTF-8"?>
<testsuite name="com.makers.automation.runner.Runner" tests="0" skipped="0" failures="0" errors="0" timestamp="1970-01-01T00:00:00" hostname="PETZEGA" time="0.0">
  <properties/>
  <system-out><![CDATA[Feature: Prueba técnica – Automatización
  La característica consta de dos escenarios para automatizar, el primero consta de 4 registros que se deben
  almacenar en una base de datos para posteriormente hacer los calculos y cruzar con la información almacenada.
  El segundo escenario consta de un enunciado donde debera acceder a una pagina web y llenar un formulario de contactenos.

  Background: Definir los parametros previos          # Makers.feature:6
    Given los siguientes parametros de entrada        # MakersStepDefinition.losSiguientesParametrosDeEntrada(DataTable)
    Then debo insertar los registros en la base datos # MakersStepDefinition.deboInsertarLosRegistrosEnLaBaseDatos()
====================
?[33mID| 	PORTAFOLIO| 	NOMINAL| 	CALCULO| 	VALIDACION ?[0m
?[32m1 | 	 OBL-MODER| 	2908950,00| 	2908950,00| 	 true?[0m
?[32m2 | 	 OBL-MODER| 	250000,00| 	250000,00| 	 true?[0m
?[32m3 | 	 OBL-RIESGO| 	-13023267,00| 	-13023267,40| 	 false?[0m
?[32m4 | 	 OBL-RIESGO| 	160670,00| 	160670,00| 	 true?[0m

  Background: Definir los parametros previos          # Makers.feature:6
    Given los siguientes parametros de entrada        # MakersStepDefinition.losSiguientesParametrosDeEntrada(DataTable)
    Then debo insertar los registros en la base datos # MakersStepDefinition.deboInsertarLosRegistrosEnLaBaseDatos()

  Scenario: Segundo escenario - Manejo de selenium                                                              # Makers.feature:21
    Given la siguiente url "https://somosmakers.co/"                                                            # MakersStepDefinition.laSiguienteUrl(String)
    When hacemos clic en el enlace de "CONTACTO"                                                                # MakersStepDefinition.hacemosClicEnElEnlaceDe(String)
    Then capturar el numero de celular de servicio al cliente                                                   # MakersStepDefinition.capturarElNumeroDeCelularDeServicioAlCliente()
    And llenar el formulario "dejanos un mensaje" y en el campo mensaje adjuntar el numero de celular capturado # MakersStepDefinition.llenarElFormularioYEnElCampoMensajeAdjuntarElNumeroDeCelularCapturado(String)
    And antes de hacer clic en el boton "enviar mensaje" tomar un pantallazo con la informacion diligenciada    # MakersStepDefinition.antesDeHacerClicEnElBotonTomarUnPantallazoConLaInformacionDiligenciada(String)
Generando reporte JS
Reporte generado

2 Scenarios (2 passed)
13 Steps (13 passed)
0m45,532s

]]></system-out>
  <system-err><![CDATA[]]></system-err>
</testsuite>
