<?xml version="1.0" encoding="UTF-8"?>
<testsuite name="com.makers.automation.runner.Runner" tests="0" skipped="0" failures="0" errors="0" timestamp="1970-01-01T00:00:00" hostname="PETZEGA" time="0.0">
  <properties/>
  <system-out><![CDATA[Feature: Prueba técnica – Automatización
  La característica consta de dos escenarios para automatizar, el primero consta de 4 registros que se deben
  almacenar en una base de datos para posteriormente hacer los calculos y cruzar con la información almacenada.
  El segundo escenario consta de un enunciado donde debera acceder a una pagina web y llenar un formulario de contactenos.

  Background: Definir los parametros previos          # Makers.feature:6
    Given los siguientes parametros de entrada        # MakersStepDefinition.losSiguientesParametrosDeEntrada(DataTable)
    Then debo insertar los registros en la base datos # MakersStepDefinition.deboInsertarLosRegistrosEnLaBaseDatos()

  #  Scenario: : Primer escenario - Calculos y cruce informacion
  #    Given los parametros de entrada previos
  #    Then calcular el valor total asi [nominal * precio]
  #    But si el portafolio es "OBL-RIESGO" se debe calcular el valor total asi [(nominal * precio) + 2000]
  #    And validar que el valor total calculado sea igual al campo total de la base de datos
  Scenario: Segundo escenario - Manejo de selenium                                                              # Makers.feature:21
    Given la siguiente url "https://somosmakers.co/"                                                            # MakersStepDefinition.laSiguienteUrl(String)
    When hacemos clic en el enlace de "CONTACTO"                                                                # MakersStepDefinition.hacemosClicEnElEnlaceDe(String)
    Then capturar el numero de celular de servicio al cliente                                                   # MakersStepDefinition.capturarElNumeroDeCelularDeServicioAlCliente()
    And llenar el formulario "dejanos un mensaje" y en el campo mensaje adjuntar el numero de celular capturado # MakersStepDefinition.llenarElFormularioYEnElCampoMensajeAdjuntarElNumeroDeCelularCapturado(String)
    And antes de hacer clic en el boton "enviar mensaje" tomar un pantallazo con la informacion diligenciada    # MakersStepDefinition.antesDeHacerClicEnElBotonTomarUnPantallazoConLaInformacionDiligenciada(String)

1 Scenarios (1 passed)
7 Steps (7 passed)
0m17,404s

]]></system-out>
  <system-err><![CDATA[]]></system-err>
</testsuite>
